{
  "stats": {
    "suites": 12,
    "tests": 38,
    "passes": 22,
    "pending": 11,
    "failures": 3,
    "testsRegistered": 38,
    "passPercent": 57.89473684210526,
    "pendingPercent": 28.94736842105263,
    "other": 0,
    "hasOther": false,
    "skipped": 2,
    "hasSkipped": true,
    "start": "2026-08-29T04:31:37.501Z",
    "end": "2026-08-29T04:35:39.960Z",
    "duration": 242459
  },
  "results": [
    {
      "uuid": "5e3fb802-f28a-4b28-b959-82277695d5b5",
      "title": "",
      "fullFile": "cypress\\e2e\\demo\\cross-browser-testing.cy.js",
      "file": "cypress\\e2e\\demo\\cross-browser-testing.cy.js",
      "beforeHooks": [],
      "afterHooks": [],
      "tests": [
        {
          "title": "Cross browser testing",
          "fullTitle": "Cross browser testing",
          "timedOut": null,
          "duration": 8455,
          "state": "passed",
          "speed": "medium",
          "pass": true,
          "fail": false,
          "pending": false,
          "context": null,
          "code": "cy.visit('https://testautomationpractice.blogspot.com');\ncy.url().should('include', 'testautomationpractice');\nconsole.log(`test running in: ${Cypress.browser.name}`);\nconsole.log(`browser version:${Cypress.browser.version} `);\ncy.viewport(550, 750);\nif (Cypress.browser.name === 'chrome') {\n  cy.get('[id=\"name\"]').focus().clear().type('Ajay');\n} else if (Cypress.browser.name === 'firefox') {\n  cy.get('[id=\"name\"]').focus().clear().type('cypress');\n} else if (Cypress.browser.name === 'edge') ;\n{\n  cy.log('test running in edge');\n}",
          "err": {},
          "uuid": "c1e6b79f-e6d2-4163-b712-7d5b8d7e4c49",
          "parentUUID": "5e3fb802-f28a-4b28-b959-82277695d5b5",
          "isHook": false,
          "skipped": false
        }
      ],
      "suites": [],
      "passes": [
        "c1e6b79f-e6d2-4163-b712-7d5b8d7e4c49"
      ],
      "failures": [],
      "pending": [],
      "skipped": [],
      "duration": 8455,
      "root": true,
      "rootEmpty": false,
      "_timeout": 2000
    },
    {
      "uuid": "f887c114-1fdc-4e6c-b25b-2e74f249290c",
      "title": "",
      "fullFile": "cypress\\e2e\\demo\\customCommands.cy.js",
      "file": "cypress\\e2e\\demo\\customCommands.cy.js",
      "beforeHooks": [],
      "afterHooks": [],
      "tests": [
        {
          "title": "Creating custom commands",
          "fullTitle": "Creating custom commands",
          "timedOut": null,
          "duration": 15933,
          "state": "passed",
          "speed": "slow",
          "pass": true,
          "fail": false,
          "pending": false,
          "context": null,
          "code": "cy.visit('https://testautomationpractice.blogspot.com');\ncy.url().should('include', 'testautomationpractice');\ncy.get('[class=\"titlewrapper\"]').should('have.text', '\\n\\nAutomation Testing Practice\\n\\n');\ncy.fillDataEntryForm(_data.myData);",
          "err": {},
          "uuid": "8e3c1595-f248-4671-beae-0734f433e447",
          "parentUUID": "f887c114-1fdc-4e6c-b25b-2e74f249290c",
          "isHook": false,
          "skipped": false
        },
        {
          "title": "reusable function",
          "fullTitle": "reusable function",
          "timedOut": null,
          "duration": 6086,
          "state": "passed",
          "speed": "medium",
          "pass": true,
          "fail": false,
          "pending": false,
          "context": null,
          "code": "cy.visit('https://testautomationpractice.blogspot.com');\ncy.url().should('include', 'testautomationpractice');\n// fillForm(myData)\ncy.contains('Upload Files').scrollIntoView();\n(0, _helpers.fileUpload)('cypress/fixtures/Screenshot.png');",
          "err": {},
          "uuid": "f70ab8ec-a88e-4cbb-ad4c-5fb9ca7bf3d9",
          "parentUUID": "f887c114-1fdc-4e6c-b25b-2e74f249290c",
          "isHook": false,
          "skipped": false
        },
        {
          "title": "Login and Logout commads",
          "fullTitle": "Login and Logout commads",
          "timedOut": null,
          "duration": 7681,
          "state": "passed",
          "speed": "medium",
          "pass": true,
          "fail": false,
          "pending": false,
          "context": null,
          "code": "cy.visit('https://practicetestautomation.com/practice-test-login/');\ncy.Login('student', 'Password123');\n// verify the flow which we need here\ncy.Logout();",
          "err": {},
          "uuid": "93f9d6a6-4e2c-4969-9654-9320cc49d9c8",
          "parentUUID": "f887c114-1fdc-4e6c-b25b-2e74f249290c",
          "isHook": false,
          "skipped": false
        }
      ],
      "suites": [
        {
          "uuid": "0bd7dee0-6d3a-4058-b631-5f5699aafb6d",
          "title": "Data driven testcases",
          "fullFile": "",
          "file": "",
          "beforeHooks": [],
          "afterHooks": [],
          "tests": [
            {
              "title": "Fill form test",
              "fullTitle": "Data driven testcases Fill form test",
              "timedOut": null,
              "duration": 19728,
              "state": "failed",
              "speed": null,
              "pass": false,
              "fail": true,
              "pending": false,
              "context": null,
              "code": "cy.visit('https://testautomationpractice.blogspot.com/');\ntestData1.forEach(userData => {\n  cy.get('[id=\"name\"]').clear().type(userData.Name).should('have.value', userData.Name);\n  cy.get('[id=\"email\"]').clear().type(userData.Email).should('have.value', userData.Email);\n  cy.get('[id=\"phone\"]').clear().type(userData.Phone);\n  cy.get('[id=\"textarea\"]').clear().type(userData.Address).should('have.value', userData.Address);\n  cy.get(`#${userData.Gender}`).check();\n  cy.get(`#${userData.Day}`).check();\n  cy.get('#country').select(userData.Country);\n  cy.get('#colors').select(userData.Colors);\n  cy.get('[id=\"datepicker\"]').type(userData.date1, {\n    force: true\n  });\n  cy.get('[id=\"txtDate\"]').type(userData.startdate, {\n    force: true\n  });\n  cy.get('[id=\"start-date\"]').click();\n  cy.contains('button', 'Submit').scrollIntoView().should('be.visible').click();\n  cy.get('#result').should('be.visible');\n});",
              "err": {
                "message": "AssertionError: Timed out retrying after 6000ms: Expected to find element: `#Female`, but never found it.",
                "estack": "AssertionError: Timed out retrying after 6000ms: Expected to find element: `#Female`, but never found it.\n    at eval (webpack:///./cypress/e2e/demo/customCommands.cy.js:79:15)\nat Array.forEach (<anonymous>)\n    at Context.eval (webpack:///./cypress/e2e/demo/customCommands.cy.js:74:17)",
                "diff": null
              },
              "uuid": "7f7daec0-53f5-468a-9965-f404e91621c9",
              "parentUUID": "0bd7dee0-6d3a-4058-b631-5f5699aafb6d",
              "isHook": false,
              "skipped": false
            }
          ],
          "suites": [],
          "passes": [],
          "failures": [
            "7f7daec0-53f5-468a-9965-f404e91621c9"
          ],
          "pending": [],
          "skipped": [],
          "duration": 19728,
          "root": false,
          "rootEmpty": false,
          "_timeout": 2000
        }
      ],
      "passes": [
        "8e3c1595-f248-4671-beae-0734f433e447",
        "f70ab8ec-a88e-4cbb-ad4c-5fb9ca7bf3d9",
        "93f9d6a6-4e2c-4969-9654-9320cc49d9c8"
      ],
      "failures": [],
      "pending": [],
      "skipped": [],
      "duration": 29700,
      "root": true,
      "rootEmpty": false,
      "_timeout": 2000
    },
    {
      "uuid": "b22a28e8-520f-4764-a15d-32f9ed1ddb65",
      "title": "",
      "fullFile": "cypress\\e2e\\demo\\dataEntyForm.cy.js",
      "file": "cypress\\e2e\\demo\\dataEntyForm.cy.js",
      "beforeHooks": [],
      "afterHooks": [],
      "tests": [],
      "suites": [
        {
          "uuid": "273bbc0c-d849-4e48-a446-88156b1fcb70",
          "title": "Enter details and filling the form ",
          "fullFile": "",
          "file": "",
          "beforeHooks": [],
          "afterHooks": [],
          "tests": [
            {
              "title": "data entry form",
              "fullTitle": "Enter details and filling the form  data entry form",
              "timedOut": null,
              "duration": 13322,
              "state": "passed",
              "speed": "slow",
              "pass": true,
              "fail": false,
              "pending": false,
              "context": null,
              "code": "console.log(`test running in: ${Cypress.browser.name}`);\nconsole.log(`browser version:${Cypress.browser.version} `);\ncy.viewport(550, 750);\nif (Cypress.browser.name === 'chrome') {\n  cy.get('[id=\"name\"]').focus().clear().type('Ajay');\n}\ncy.get('[class=\"titlewrapper\"]').should('have.text', '\\n\\nAutomation Testing Practice\\n\\n');\ncy.get('[id=\"name\"]').focus().clear().type('Ajay');\ncy.get('[id=\"name\"]').invoke('val').then(nameValue => {\n  assert.equal(nameValue, 'Ajay', 'Name input value is incorrect');\n});\ncy.get('[id=\"email\"]').focus().type('example@test.com');\ncy.get('#email').invoke('val').then(emailValue => {\n  expect(emailValue).to.equal('example@test.com');\n});\ncy.get('[id=\"phone\"]').focus().type(7353847394);\ncy.get('[id=\"textarea\"]').focus().type('my address');\ncy.get('[id=\"textarea\"]').invoke('val').then(textValue => {\n  assert.equal(textValue, 'my address', 'Text area input value is incorrect');\n});\ncy.get('[id=\"male\"]').check();\n// cy.reload()\ncy.get('[id=\"monday\"]').check();\ncy.get('[id=\"country\"]').select('India');\ncy.get('select').eq(1).focus().select('Blue');\ncy.get('input[id=\"datepicker\"]').type('05/06/2026');\ncy.get('[id=\"start-date\"]').type('2026-02-25');\ncy.get('[id=\"end-date\"]').type('2026-03-26');\ncy.get('[class=\"submit-btn\"]').click();\ncy.get('[id=\"result\"]').should('be.visible');",
              "err": {},
              "uuid": "beaef563-4f74-45f8-b8ac-d68cc023734e",
              "parentUUID": "273bbc0c-d849-4e48-a446-88156b1fcb70",
              "isHook": false,
              "skipped": false
            }
          ],
          "suites": [],
          "passes": [
            "beaef563-4f74-45f8-b8ac-d68cc023734e"
          ],
          "failures": [],
          "pending": [],
          "skipped": [],
          "duration": 13322,
          "root": false,
          "rootEmpty": false,
          "_timeout": 2000
        }
      ],
      "passes": [],
      "failures": [],
      "pending": [],
      "skipped": [],
      "duration": 0,
      "root": true,
      "rootEmpty": true,
      "_timeout": 2000
    },
    {
      "uuid": "6a1f792f-983a-4743-9c32-981be7afd01a",
      "title": "",
      "fullFile": "cypress\\e2e\\demo\\fixturesConcept.cy.js",
      "file": "cypress\\e2e\\demo\\fixturesConcept.cy.js",
      "beforeHooks": [],
      "afterHooks": [],
      "tests": [
        {
          "title": "data driven testing",
          "fullTitle": "data driven testing",
          "timedOut": null,
          "duration": 381,
          "state": "failed",
          "speed": null,
          "pass": false,
          "fail": true,
          "pending": false,
          "context": null,
          "code": "cy.visit('https://testautomationpractice.blogspot.com');\ncy.url().should('include', 'testautomationpractice');\ncy.get('[id=\"name\"]').focus().clear().type('ahasy');\nconst mail = cy.generateRandomEmail();\ncy.get('[id=\"email\"]').focus().type(mail);",
          "err": {
            "message": "TypeError: cy.generateRandomEmail is not a function",
            "estack": "TypeError: cy.generateRandomEmail is not a function\n    at Context.eval (webpack:///./cypress/e2e/demo/fixturesConcept.cy.js:142:20)\n    at runnable.fn (https://testautomationpractice.blogspot.com/__cypress/runner/cypress_runner.js:146898:19)\n    at callFn (https://testautomationpractice.blogspot.com/__cypress/runner/cypress_runner.js:166181:21)\n    at Runnable.run (https://testautomationpractice.blogspot.com/__cypress/runner/cypress_runner.js:166168:7)\n    at <unknown> (https://testautomationpractice.blogspot.com/__cypress/runner/cypress_runner.js:172268:30)\n    at PassThroughHandlerContext.finallyHandler (https://testautomationpractice.blogspot.com/__cypress/runner/cypress_runner.js:4042:23)\n    at PassThroughHandlerContext.tryCatcher (https://testautomationpractice.blogspot.com/__cypress/runner/cypress_runner.js:1777:23)\n    at Promise._settlePromiseFromHandler (https://testautomationpractice.blogspot.com/__cypress/runner/cypress_runner.js:1489:31)\n    at Promise._settlePromise (https://testautomationpractice.blogspot.com/__cypress/runner/cypress_runner.js:1546:18)",
            "diff": null
          },
          "uuid": "851f86d5-aa73-456c-b061-3dae1e3e1aea",
          "parentUUID": "6a1f792f-983a-4743-9c32-981be7afd01a",
          "isHook": false,
          "skipped": false
        }
      ],
      "suites": [],
      "passes": [],
      "failures": [
        "851f86d5-aa73-456c-b061-3dae1e3e1aea"
      ],
      "pending": [],
      "skipped": [],
      "duration": 381,
      "root": true,
      "rootEmpty": false,
      "_timeout": 2000
    },
    {
      "uuid": "0aa8f98b-a711-4f10-bbf3-0f85152ffa49",
      "title": "",
      "fullFile": "cypress\\e2e\\demo\\intercept.cy.js",
      "file": "cypress\\e2e\\demo\\intercept.cy.js",
      "beforeHooks": [],
      "afterHooks": [],
      "tests": [],
      "suites": [
        {
          "uuid": "7e67bd56-80c1-45f0-bf9e-cd268d5b6096",
          "title": "interception",
          "fullFile": "",
          "file": "",
          "beforeHooks": [],
          "afterHooks": [],
          "tests": [
            {
              "title": "Simple real API call",
              "fullTitle": "interception Simple real API call",
              "timedOut": null,
              "duration": 0,
              "state": "pending",
              "speed": null,
              "pass": false,
              "fail": false,
              "pending": true,
              "context": null,
              "code": "cy.intercept('GET', '**/notifications').as('getNotification');\ncy.reload();\ncy.wait('@getNotification').then(interception => {\n  expect(interception.request.method).to.contain('GET');\n  expect(interception.response.statusCode).to.eq(200);\n});",
              "err": {},
              "uuid": "1d2631b2-e3bf-41f4-bcc9-e7615cb35f1e",
              "parentUUID": "7e67bd56-80c1-45f0-bf9e-cd268d5b6096",
              "isHook": false,
              "skipped": false
            },
            {
              "title": "Request mocking",
              "fullTitle": "interception Request mocking",
              "timedOut": null,
              "duration": 0,
              "state": "pending",
              "speed": null,
              "pass": false,
              "fail": false,
              "pending": true,
              "context": null,
              "code": "cy.intercept('GET', '**/notifications', request => {\n  request.headers['cypress-test-header'] = 'demo going on';\n}).as('getNotification');\ncy.reload();\ncy.wait('@getNotification').then(interceptionData => {\n  expect(interceptionData.request.method).to.contain('GET');\n  expect(interceptionData.response.statusCode).to.eq(200);\n  expect(interceptionData.request.headers).to.have.property('cypress-test-header', 'demo going on');\n});",
              "err": {},
              "uuid": "bead3221-36b8-437b-a3e9-290f04a044de",
              "parentUUID": "7e67bd56-80c1-45f0-bf9e-cd268d5b6096",
              "isHook": false,
              "skipped": false
            },
            {
              "title": "Response mocking",
              "fullTitle": "interception Response mocking",
              "timedOut": null,
              "duration": 0,
              "state": "pending",
              "speed": null,
              "pass": false,
              "fail": false,
              "pending": true,
              "context": null,
              "code": "cy.intercept('GET', '**/notifications', {\n  statusCode: 200,\n  body: {\n    \"results\": [{\n      \"userFullName\": \"Ajay K N\",\n      \"id\": \"kCZ1WTa4Qv\",\n      \"uuid\": \"593bcbe4-6f25-409c-9a49-beea7397779c\",\n      \"userId\": \"XEPGyu9lA\",\n      \"transactionId\": \"JAu1mmeCf\",\n      \"likeId\": \"vUSPtl-vl\",\n      \"isRead\": false,\n      \"createdAt\": \"2026-07-25T03:58:02.622Z\",\n      \"modifiedAt\": \"2026-07-25T03:58:02.622Z\"\n    }]\n  }\n}).as('mockingResponse');\ncy.reload();\ncy.wait('@mockingResponse').then(interceptionData => {\n  expect(interceptionData.request.method).to.contain('GET');\n  expect(interceptionData.response.statusCode).to.eq(200);\n  expect(interceptionData.response.body.results[0]).to.have.property('userFullName', 'Ajay K N');\n  expect(interceptionData.response.body.results[0]).to.have.property('transactionId', 'JAu1mmeCf');\n});",
              "err": {},
              "uuid": "95b755ea-7191-4faa-ba1a-0523d8a413f8",
              "parentUUID": "7e67bd56-80c1-45f0-bf9e-cd268d5b6096",
              "isHook": false,
              "skipped": false
            },
            {
              "title": "API stubbing",
              "fullTitle": "interception API stubbing",
              "timedOut": null,
              "duration": 0,
              "state": "pending",
              "speed": null,
              "pass": false,
              "fail": false,
              "pending": true,
              "context": null,
              "code": "cy.intercept('POST', '/graphql', request => {\n  const body = request.body || {};\n  const query = (body.query || '').toLowerCase();\n  const opName = body.operationName || '';\n  const isCreateOp = opName === 'CreateBankAccount' || query.includes('createbankaccount');\n  if (isCreateOp) {\n    expect(request.body.variables).to.include({\n      bankName: 'Random Bank',\n      routingNumber: '875946254',\n      accountNumber: '97584695365'\n    });\n    request.reply({\n      statusCode: 200,\n      body: {\n        \"data\": {\n          \"createBankAccount\": {\n            \"id\": \"76h3nh_Cx\",\n            \"uuid\": \"5b5a2bed-7046-432c-b960-e6a57b0db22c\",\n            \"userId\": \"XEPGyu9lA\",\n            \"bankName\": \"Random Bank\",\n            \"accountNumber\": \"97584695365\",\n            \"routingNumber\": \"875946254\",\n            \"isDeleted\": false,\n            \"createdAt\": \"1784952633955\"\n          }\n        }\n      }\n    });\n  }\n}).as('apiStubbing');\ncy.visit('http://localhost:3000/bankaccounts');\ncy.contains('Bank Accounts').click();\ncy.get('[data-test=\"bankaccount-new\"]').click();\ncy.get('[id=\"bankaccount-bankName-input\"]').type('Random Bank');\ncy.get('[id=\"bankaccount-routingNumber-input\"]').type('875946254');\ncy.get('[id=\"bankaccount-accountNumber-input\"]').type('97584695365');\ncy.get('[data-test=\"bankaccount-submit\"]').click();\ncy.wait('@apiStubbing').then(interception => {\n  expect(interception.request.method).to.contain('POST');\n  expect(interception.response.statusCode).to.eq(200);\n});\n// Verify the UI shows the mocked bank account\ncy.contains('Random Bank').should('be.visible');",
              "err": {},
              "uuid": "1f1de7a7-2d5c-4bef-910b-e33dc31f006a",
              "parentUUID": "7e67bd56-80c1-45f0-bf9e-cd268d5b6096",
              "isHook": false,
              "skipped": false
            }
          ],
          "suites": [],
          "passes": [],
          "failures": [],
          "pending": [
            "1d2631b2-e3bf-41f4-bcc9-e7615cb35f1e",
            "bead3221-36b8-437b-a3e9-290f04a044de",
            "95b755ea-7191-4faa-ba1a-0523d8a413f8",
            "1f1de7a7-2d5c-4bef-910b-e33dc31f006a"
          ],
          "skipped": [],
          "duration": 0,
          "root": false,
          "rootEmpty": false,
          "_timeout": 2000
        }
      ],
      "passes": [],
      "failures": [],
      "pending": [],
      "skipped": [],
      "duration": 0,
      "root": true,
      "rootEmpty": true,
      "_timeout": 2000
    },
    {
      "uuid": "ac087eb4-78f1-4c3f-bab5-5ee581412d34",
      "title": "",
      "fullFile": "cypress\\e2e\\demo\\jwtToken.cy.js",
      "file": "cypress\\e2e\\demo\\jwtToken.cy.js",
      "beforeHooks": [],
      "afterHooks": [],
      "tests": [],
      "suites": [
        {
          "uuid": "92873519-6b77-4aa2-9293-7dd9fdcd5dcb",
          "title": "handling jwt",
          "fullFile": "",
          "file": "",
          "beforeHooks": [],
          "afterHooks": [],
          "tests": [
            {
              "title": "stores the token in localStorage and uses it for a protected endpoint",
              "fullTitle": "handling jwt stores the token in localStorage and uses it for a protected endpoint",
              "timedOut": null,
              "duration": 1593,
              "state": "passed",
              "speed": "fast",
              "pass": true,
              "fail": false,
              "pending": false,
              "context": null,
              "code": "cy.window().then(win => {\n  const storedToken = win.localStorage.getItem('jwtToken');\n  expect(storedToken).to.eq(accessToken);\n  cy.request({\n    method: 'GET',\n    url: 'https://dummyjson.com/auth/me',\n    headers: {\n      Authorization: `Bearer ${storedToken}`\n    }\n  }).then(authenticatedResponse => {\n    expect(authenticatedResponse.status).to.eq(200);\n    expect(authenticatedResponse.body.username).to.eq('emilys');\n  });\n});",
              "err": {},
              "uuid": "4369e648-e7aa-43b4-aa44-a44b5ef0777a",
              "parentUUID": "92873519-6b77-4aa2-9293-7dd9fdcd5dcb",
              "isHook": false,
              "skipped": false
            }
          ],
          "suites": [],
          "passes": [
            "4369e648-e7aa-43b4-aa44-a44b5ef0777a"
          ],
          "failures": [],
          "pending": [],
          "skipped": [],
          "duration": 1593,
          "root": false,
          "rootEmpty": false,
          "_timeout": 2000
        }
      ],
      "passes": [],
      "failures": [],
      "pending": [],
      "skipped": [],
      "duration": 0,
      "root": true,
      "rootEmpty": true,
      "_timeout": 2000
    },
    {
      "uuid": "ff7fedd8-80d2-4e56-a6d0-de66c358aad6",
      "title": "",
      "fullFile": "cypress\\e2e\\demo\\localStorage.cy.js",
      "file": "cypress\\e2e\\demo\\localStorage.cy.js",
      "beforeHooks": [],
      "afterHooks": [],
      "tests": [],
      "suites": [
        {
          "uuid": "48c7c732-8e3d-4c62-9085-bc6877847a61",
          "title": "verify storage data",
          "fullFile": "",
          "file": "",
          "beforeHooks": [],
          "afterHooks": [],
          "tests": [
            {
              "title": "local storage",
              "fullTitle": "verify storage data local storage",
              "timedOut": null,
              "duration": 1671,
              "state": "passed",
              "speed": "fast",
              "pass": true,
              "fail": false,
              "pending": false,
              "context": null,
              "code": "cy.visit('https://example.cypress.io/commands/storage#clearlocalstorage');\nconst populateStorageData = '[class=\"ls-btn btn btn-success\"]';\ncy.get(populateStorageData).click();\ncy.get(populateStorageData).should(() => {\n  expect(localStorage.getItem('prop1')).to.eq('red');\n  expect(localStorage.getItem('prop2')).to.eq('blue');\n  expect(localStorage.getItem('prop3')).to.eq('magenta');\n});\ncy.clearAllLocalStorage();\ncy.getAllLocalStorage().should(() => {\n  expect(localStorage.getItem('prop1')).to.be.null;\n  expect(localStorage.getItem('prop2')).to.be.null;\n  expect(localStorage.getItem('prop3')).to.be.null;\n});",
              "err": {},
              "uuid": "3d0d1e8d-1e61-475c-bd8c-a25c24788e3a",
              "parentUUID": "48c7c732-8e3d-4c62-9085-bc6877847a61",
              "isHook": false,
              "skipped": false
            }
          ],
          "suites": [],
          "passes": [
            "3d0d1e8d-1e61-475c-bd8c-a25c24788e3a"
          ],
          "failures": [],
          "pending": [],
          "skipped": [],
          "duration": 1671,
          "root": false,
          "rootEmpty": false,
          "_timeout": 2000
        }
      ],
      "passes": [],
      "failures": [],
      "pending": [],
      "skipped": [],
      "duration": 0,
      "root": true,
      "rootEmpty": true,
      "_timeout": 2000
    },
    {
      "uuid": "c01c3e08-a55a-4396-96a1-824feb49fd30",
      "title": "",
      "fullFile": "cypress\\e2e\\demo\\mySqlDatabase.cy.js",
      "file": "cypress\\e2e\\demo\\mySqlDatabase.cy.js",
      "beforeHooks": [],
      "afterHooks": [],
      "tests": [],
      "suites": [
        {
          "uuid": "087485b8-c4da-4186-9130-39cc7bf9818e",
          "title": "MySQL database testing",
          "fullFile": "",
          "file": "",
          "beforeHooks": [],
          "afterHooks": [],
          "tests": [
            {
              "title": "retrieve data with SELECT and LIMIT",
              "fullTitle": "MySQL database testing retrieve data with SELECT and LIMIT",
              "timedOut": null,
              "duration": 0,
              "state": "pending",
              "speed": null,
              "pass": false,
              "fail": false,
              "pending": true,
              "context": null,
              "code": "cy.task('queryDatabase', 'SELECT id, name, role FROM DemoTable ORDER BY id LIMIT 1;').then(result => {\n  expect(result).to.be.an('array');\n  expect(result).to.have.length.of.at.least(1);\n  expect(result[0]).to.have.property('name', 'John');\n});",
              "err": {},
              "uuid": "be8ff278-93aa-42b1-b961-fa8f0cc0fb70",
              "parentUUID": "087485b8-c4da-4186-9130-39cc7bf9818e",
              "isHook": false,
              "skipped": false
            },
            {
              "title": "filter data with WHERE",
              "fullTitle": "MySQL database testing filter data with WHERE",
              "timedOut": null,
              "duration": 0,
              "state": "pending",
              "speed": null,
              "pass": false,
              "fail": false,
              "pending": true,
              "context": null,
              "code": "cy.task('queryDatabase', 'SELECT id, name, role FROM DemoTable WHERE id = 2;').then(result => {\n  expect(result).to.be.an('array');\n  expect(result).to.have.length(1);\n});",
              "err": {},
              "uuid": "b70051c5-5932-4110-93fe-0ef0f7859004",
              "parentUUID": "087485b8-c4da-4186-9130-39cc7bf9818e",
              "isHook": false,
              "skipped": false
            },
            {
              "title": "INSERT new record",
              "fullTitle": "MySQL database testing INSERT new record",
              "timedOut": null,
              "duration": 0,
              "state": "pending",
              "speed": null,
              "pass": false,
              "fail": false,
              "pending": true,
              "context": null,
              "code": "cy.task('queryDatabase', \"INSERT INTO DemoTable (id, name, role) VALUES (4, 'Meera', 'QA Engineer')\").then(insertedResult => {\n  expect(insertedResult).to.have.property('affectedRows', 1);\n  cy.task('queryDatabase', 'SELECT id, name, role FROM DemoTable WHERE id = 4').then(insertedRow => {\n    expect(insertedRow).to.have.length(1);\n    expect(insertedRow[0]).to.have.property('name', 'Meera');\n    expect(insertedRow[0]).to.include({\n      id: 4,\n      name: 'Meera',\n      role: 'QA Engineer'\n    });\n  });\n});",
              "err": {},
              "uuid": "ca540432-c442-48ad-978e-26c7c93b1134",
              "parentUUID": "087485b8-c4da-4186-9130-39cc7bf9818e",
              "isHook": false,
              "skipped": false
            },
            {
              "title": "UPDATE row",
              "fullTitle": "MySQL database testing UPDATE row",
              "timedOut": null,
              "duration": 0,
              "state": "pending",
              "speed": null,
              "pass": false,
              "fail": false,
              "pending": true,
              "context": null,
              "code": "cy.task('queryDatabase', \"UPDATE DemoTable SET role = 'Senior Tester' WHERE id = 4\").then(result => {\n  expect(result).to.have.property('affectedRows', 1);\n  cy.task('queryDatabase', 'SELECT * FROM DemoTable WHERE id = 4').then(updatedResult => {\n    expect(updatedResult[0]).to.have.property('role', 'Senior Tester');\n  });\n});",
              "err": {},
              "uuid": "d177341c-5370-4dcc-8977-1a7bd5ba38d0",
              "parentUUID": "087485b8-c4da-4186-9130-39cc7bf9818e",
              "isHook": false,
              "skipped": false
            },
            {
              "title": "DELETE the row",
              "fullTitle": "MySQL database testing DELETE the row",
              "timedOut": null,
              "duration": 0,
              "state": "pending",
              "speed": null,
              "pass": false,
              "fail": false,
              "pending": true,
              "context": null,
              "code": "cy.task('queryDatabase', 'DELETE FROM DemoTable WHERE id = 4').then(result => {\n  expect(result).to.have.property('affectedRows', 1);\n  cy.task('queryDatabase', 'SELECT * FROM DemoTable WHERE id = 4').then(deletedRow => {\n    expect(deletedRow).to.have.length(0);\n  });\n});",
              "err": {},
              "uuid": "eb086e68-9d65-40c5-9333-e625c61078d2",
              "parentUUID": "087485b8-c4da-4186-9130-39cc7bf9818e",
              "isHook": false,
              "skipped": false
            }
          ],
          "suites": [],
          "passes": [],
          "failures": [],
          "pending": [
            "be8ff278-93aa-42b1-b961-fa8f0cc0fb70",
            "b70051c5-5932-4110-93fe-0ef0f7859004",
            "ca540432-c442-48ad-978e-26c7c93b1134",
            "d177341c-5370-4dcc-8977-1a7bd5ba38d0",
            "eb086e68-9d65-40c5-9333-e625c61078d2"
          ],
          "skipped": [],
          "duration": 0,
          "root": false,
          "rootEmpty": false,
          "_timeout": 2000
        }
      ],
      "passes": [],
      "failures": [],
      "pending": [],
      "skipped": [],
      "duration": 0,
      "root": true,
      "rootEmpty": true,
      "_timeout": 2000
    },
    {
      "uuid": "ea261e74-9a85-4af1-a1a9-6266dca6a8d5",
      "title": "",
      "fullFile": "cypress\\e2e\\demo\\pomReference.cy.js",
      "file": "cypress\\e2e\\demo\\pomReference.cy.js",
      "beforeHooks": [],
      "afterHooks": [],
      "tests": [
        {
          "title": "data entry form",
          "fullTitle": "data entry form",
          "timedOut": null,
          "duration": 14778,
          "state": "passed",
          "speed": "slow",
          "pass": true,
          "fail": false,
          "pending": false,
          "context": null,
          "code": "cy.visit('https://testautomationpractice.blogspot.com');\ncy.get('[class=\"titlewrapper\"]').should('have.text', '\\n\\nAutomation Testing Practice\\n\\n');\nlet dataEntryForm = new _dataentyrPage.DataEntryForm();\ndataEntryForm.fillForm(_dataEntryInputs.default);\ncy.get('[class=\"submit-btn\"]').click();\ncy.get('[id=\"result\"]').should('be.visible');",
          "err": {},
          "uuid": "694bdd77-71d8-42e8-ad90-17b4a5029e3d",
          "parentUUID": "ea261e74-9a85-4af1-a1a9-6266dca6a8d5",
          "isHook": false,
          "skipped": false
        }
      ],
      "suites": [],
      "passes": [
        "694bdd77-71d8-42e8-ad90-17b4a5029e3d"
      ],
      "failures": [],
      "pending": [],
      "skipped": [],
      "duration": 14778,
      "root": true,
      "rootEmpty": false,
      "_timeout": 2000
    },
    {
      "uuid": "0b7cc609-cacf-4a1d-97ef-12ccf2b0cb55",
      "title": "",
      "fullFile": "cypress\\e2e\\demo\\restApi.cy.js",
      "file": "cypress\\e2e\\demo\\restApi.cy.js",
      "beforeHooks": [],
      "afterHooks": [],
      "tests": [],
      "suites": [
        {
          "uuid": "e13f7b49-fe2a-4497-9ad5-b2181c6db134",
          "title": "API VALIDATION",
          "fullFile": "",
          "file": "",
          "beforeHooks": [],
          "afterHooks": [],
          "tests": [
            {
              "title": "GET methods",
              "fullTitle": "API VALIDATION GET methods",
              "timedOut": null,
              "duration": 972,
              "state": "passed",
              "speed": "fast",
              "pass": true,
              "fail": false,
              "pending": false,
              "context": null,
              "code": "cy.request('GET', `${base_url}/posts/1`).then(response => {\n  expect(response.status).to.eq(200);\n  expect(response.body.title).to.include('sunt aut facere repellat provident occaecati excepturi optio reprehenderit');\n  expect(response.body.userId).to.eq(1);\n});",
              "err": {},
              "uuid": "57c85069-a4e8-4d7d-b259-e0192f0ed115",
              "parentUUID": "e13f7b49-fe2a-4497-9ad5-b2181c6db134",
              "isHook": false,
              "skipped": false
            },
            {
              "title": "POST method",
              "fullTitle": "API VALIDATION POST method",
              "timedOut": null,
              "duration": 769,
              "state": "passed",
              "speed": "fast",
              "pass": true,
              "fail": false,
              "pending": false,
              "context": null,
              "code": "cy.request('POST', `${base_url}/posts`, {\n  userId: 2,\n  id: 2,\n  title: 'Cypress',\n  body: 'practice api '\n}).then(response => {\n  expect(response.status).to.eq(201);\n  expect(response.body.userId).to.eq(2);\n  expect(response.body.title).to.include('Cypress');\n});",
              "err": {},
              "uuid": "c3609e59-076b-4958-be6d-bdd0bde0dd76",
              "parentUUID": "e13f7b49-fe2a-4497-9ad5-b2181c6db134",
              "isHook": false,
              "skipped": false
            },
            {
              "title": "PUT method",
              "fullTitle": "API VALIDATION PUT method",
              "timedOut": null,
              "duration": 794,
              "state": "passed",
              "speed": "fast",
              "pass": true,
              "fail": false,
              "pending": false,
              "context": null,
              "code": "cy.request('PUT', `${base_url}/posts/2`, {\n  userId: 3,\n  id: 4,\n  title: 'Cypress det',\n  body: 'practice api '\n}).then(response => {\n  expect(response.status).to.eq(200);\n  expect(response.body.title).to.contains('Cypress det');\n});",
              "err": {},
              "uuid": "619ca26e-0fd2-485a-9f95-6e4d2f3b00e8",
              "parentUUID": "e13f7b49-fe2a-4497-9ad5-b2181c6db134",
              "isHook": false,
              "skipped": false
            },
            {
              "title": "PATCH method",
              "fullTitle": "API VALIDATION PATCH method",
              "timedOut": null,
              "duration": 366,
              "state": "passed",
              "speed": "fast",
              "pass": true,
              "fail": false,
              "pending": false,
              "context": null,
              "code": "cy.request('PATCH', `${base_url}/posts/4`, {\n  title: 'Cypress det'\n}).then(response => {\n  expect(response.status).to.eq(200);\n  expect(response.body.title).to.contains('Cypress det');\n});",
              "err": {},
              "uuid": "8eeebfd5-8094-48c1-b6e2-ddf5d3c04cf5",
              "parentUUID": "e13f7b49-fe2a-4497-9ad5-b2181c6db134",
              "isHook": false,
              "skipped": false
            },
            {
              "title": "DELETE method",
              "fullTitle": "API VALIDATION DELETE method",
              "timedOut": null,
              "duration": 319,
              "state": "passed",
              "speed": "fast",
              "pass": true,
              "fail": false,
              "pending": false,
              "context": null,
              "code": "cy.request('DELETE', `${base_url}/posts/2`).then(myDeletedResponse => {\n  expect(myDeletedResponse.status).to.eq(200);\n});",
              "err": {},
              "uuid": "4f29da8b-5311-4a27-8672-df3ef4c74c2f",
              "parentUUID": "e13f7b49-fe2a-4497-9ad5-b2181c6db134",
              "isHook": false,
              "skipped": false
            }
          ],
          "suites": [],
          "passes": [
            "57c85069-a4e8-4d7d-b259-e0192f0ed115",
            "c3609e59-076b-4958-be6d-bdd0bde0dd76",
            "619ca26e-0fd2-485a-9f95-6e4d2f3b00e8",
            "8eeebfd5-8094-48c1-b6e2-ddf5d3c04cf5",
            "4f29da8b-5311-4a27-8672-df3ef4c74c2f"
          ],
          "failures": [],
          "pending": [],
          "skipped": [],
          "duration": 3220,
          "root": false,
          "rootEmpty": false,
          "_timeout": 2000
        },
        {
          "uuid": "710cca34-9048-45c4-b649-cb7ff0af1bed",
          "title": "header validation, authentication testing, token handling",
          "fullFile": "",
          "file": "",
          "beforeHooks": [],
          "afterHooks": [],
          "tests": [
            {
              "title": "get all the orders",
              "fullTitle": "header validation, authentication testing, token handling get all the orders",
              "timedOut": null,
              "duration": 0,
              "state": "pending",
              "speed": null,
              "pass": false,
              "fail": false,
              "pending": true,
              "context": null,
              "code": "cy.request({\n  method: 'GET',\n  url: `${base_url}/orders`,\n  headers: {\n    Authorization: `${myAccessToken}`\n  }\n}).then(myResponse => {\n  expect(myResponse.status).to.eq(200);\n});",
              "err": {},
              "uuid": "814f3f3d-dcc2-4e15-b67e-ee9d7cc86b7b",
              "parentUUID": "710cca34-9048-45c4-b649-cb7ff0af1bed",
              "isHook": false,
              "skipped": false
            },
            {
              "title": "get all the orders - missing header",
              "fullTitle": "header validation, authentication testing, token handling get all the orders - missing header",
              "timedOut": null,
              "duration": 0,
              "state": "pending",
              "speed": null,
              "pass": false,
              "fail": false,
              "pending": true,
              "context": null,
              "code": "cy.request({\n  method: 'GET',\n  url: `${base_url}/orders`,\n  failOnStatusCode: false\n}).then(myResponse => {\n  expect(myResponse.status).to.eq(401);\n});",
              "err": {},
              "uuid": "0404d23a-23a3-4a2b-bc3f-5eaa395bb591",
              "parentUUID": "710cca34-9048-45c4-b649-cb7ff0af1bed",
              "isHook": false,
              "skipped": false
            }
          ],
          "suites": [],
          "passes": [],
          "failures": [],
          "pending": [
            "814f3f3d-dcc2-4e15-b67e-ee9d7cc86b7b",
            "0404d23a-23a3-4a2b-bc3f-5eaa395bb591"
          ],
          "skipped": [],
          "duration": 0,
          "root": false,
          "rootEmpty": false,
          "_timeout": 2000
        },
        {
          "uuid": "121fd4bb-6a87-4c1b-8b90-1c3e3acf6e72",
          "title": "header validation, authentication testing, token handling",
          "fullFile": "",
          "file": "",
          "beforeHooks": [],
          "afterHooks": [],
          "tests": [
            {
              "title": "GET status endpoint",
              "fullTitle": "header validation, authentication testing, token handling GET status endpoint",
              "timedOut": null,
              "duration": 1583,
              "state": "passed",
              "speed": "fast",
              "pass": true,
              "fail": false,
              "pending": false,
              "context": null,
              "code": "cy.request({\n  method: 'GET',\n  url: `${baseUrl}/status`\n}).then(response => {\n  expect(response.status).to.eq(200);\n  expect(response.headers).to.have.property('content-type');\n  expect(response.body).to.have.property('status');\n});",
              "err": {},
              "uuid": "d3ae6ba3-0b12-4d9c-9f05-c0e880762f69",
              "parentUUID": "121fd4bb-6a87-4c1b-8b90-1c3e3acf6e72",
              "isHook": false,
              "skipped": false
            },
            {
              "title": "GET all products",
              "fullTitle": "header validation, authentication testing, token handling GET all products",
              "timedOut": null,
              "duration": 756,
              "state": "passed",
              "speed": "fast",
              "pass": true,
              "fail": false,
              "pending": false,
              "context": null,
              "code": "cy.request({\n  method: 'GET',\n  url: `${baseUrl}/products`\n}).then(response => {\n  expect(response.status).to.eq(200);\n  expect(response.body).to.be.an('array');\n  expect(response.body.length).to.be.greaterThan(0);\n  projectId = response.body[0].id;\n  cy.log(`product id : ${projectId}`);\n});",
              "err": {},
              "uuid": "925b6ef9-ba1a-4fe0-a2a4-c458c764348e",
              "parentUUID": "121fd4bb-6a87-4c1b-8b90-1c3e3acf6e72",
              "isHook": false,
              "skipped": false
            },
            {
              "title": "GET orders without auth should return 401",
              "fullTitle": "header validation, authentication testing, token handling GET orders without auth should return 401",
              "timedOut": null,
              "duration": 856,
              "state": "passed",
              "speed": "fast",
              "pass": true,
              "fail": false,
              "pending": false,
              "context": null,
              "code": "cy.request({\n  method: 'GET',\n  url: `${baseUrl}/orders`,\n  failOnStatusCode: false\n}).then(response => {\n  expect(response.status).to.eq(401);\n});",
              "err": {},
              "uuid": "2b1d6a9f-0653-4bbf-aa6a-6aee23bcdafe",
              "parentUUID": "121fd4bb-6a87-4c1b-8b90-1c3e3acf6e72",
              "isHook": false,
              "skipped": false
            },
            {
              "title": "Create a new cart - POST /carts",
              "fullTitle": "header validation, authentication testing, token handling Create a new cart - POST /carts",
              "timedOut": null,
              "duration": 857,
              "state": "passed",
              "speed": "fast",
              "pass": true,
              "fail": false,
              "pending": false,
              "context": null,
              "code": "cy.request({\n  method: 'POST',\n  url: `${baseUrl}/carts`\n}).then(response => {\n  expect(response.status).to.eq(201);\n  expect(response.body).to.have.property('created');\n  expect(response.body).to.have.property('cartId');\n  myCart = response.body.cartId;\n  cy.log(`my cart id : ${myCart}`);\n});",
              "err": {},
              "uuid": "037e4b98-b7f9-4b69-9a7f-25acdd2c31e7",
              "parentUUID": "121fd4bb-6a87-4c1b-8b90-1c3e3acf6e72",
              "isHook": false,
              "skipped": false
            },
            {
              "title": "Add item to cart - POST /carts/:cartId/items",
              "fullTitle": "header validation, authentication testing, token handling Add item to cart - POST /carts/:cartId/items",
              "timedOut": null,
              "duration": 781,
              "state": "passed",
              "speed": "fast",
              "pass": true,
              "fail": false,
              "pending": false,
              "context": null,
              "code": "cy.request({\n  method: 'POST',\n  url: `${baseUrl}/carts/${myCart}/items`,\n  body: {\n    productId: `${projectId}`\n  },\n  headers: {\n    Authorization: `Bearer ${myAccessToken}`\n  }\n}).then(response => {\n  expect(response.status).to.eq(201);\n  itemID = response.body.itemId;\n  cy.log(`item id : ${itemID}`);\n});",
              "err": {},
              "uuid": "5ee677a4-ab3a-481b-99da-135be482614d",
              "parentUUID": "121fd4bb-6a87-4c1b-8b90-1c3e3acf6e72",
              "isHook": false,
              "skipped": false
            },
            {
              "title": "Modify the cart item - PATCH /carts/:cartId/items/:itemId",
              "fullTitle": "header validation, authentication testing, token handling Modify the cart item - PATCH /carts/:cartId/items/:itemId",
              "timedOut": null,
              "duration": 817,
              "state": "passed",
              "speed": "fast",
              "pass": true,
              "fail": false,
              "pending": false,
              "context": null,
              "code": "cy.request({\n  method: 'PATCH',\n  url: `${baseUrl}/carts/${myCart}/items/${itemID}`,\n  body: {\n    quantity: 4\n  }\n}).then(response => {\n  expect(response.status).to.eq(204);\n});",
              "err": {},
              "uuid": "6d7edbe4-d40e-4f88-a0e3-bf95a1798873",
              "parentUUID": "121fd4bb-6a87-4c1b-8b90-1c3e3acf6e72",
              "isHook": false,
              "skipped": false
            },
            {
              "title": "Create order - POST /orders",
              "fullTitle": "header validation, authentication testing, token handling Create order - POST /orders",
              "timedOut": null,
              "duration": 885,
              "state": "passed",
              "speed": "fast",
              "pass": true,
              "fail": false,
              "pending": false,
              "context": null,
              "code": "cy.request({\n  method: 'POST',\n  url: `${baseUrl}/orders`,\n  body: {\n    cartId: `${myCart}`,\n    customerName: 'Ajay'\n  },\n  headers: {\n    Authorization: `Bearer ${myAccessToken}`\n  }\n}).then(response => {\n  expect(response.status).to.eq(201);\n  orderId = response.body.orderId;\n  cy.log(`order id: ${orderId}`);\n});",
              "err": {},
              "uuid": "fc14d79d-7cd9-42d6-bbe4-63f9dfcef4bc",
              "parentUUID": "121fd4bb-6a87-4c1b-8b90-1c3e3acf6e72",
              "isHook": false,
              "skipped": false
            },
            {
              "title": "Delete order - DELETE /orders/:orderId",
              "fullTitle": "header validation, authentication testing, token handling Delete order - DELETE /orders/:orderId",
              "timedOut": null,
              "duration": 809,
              "state": "passed",
              "speed": "fast",
              "pass": true,
              "fail": false,
              "pending": false,
              "context": null,
              "code": "cy.request({\n  method: 'DELETE',\n  url: `${baseUrl}/orders/${orderId}`,\n  headers: {\n    Authorization: `Bearer ${myAccessToken}`\n  }\n}).then(response => {\n  expect(response.status).to.eq(204);\n});",
              "err": {},
              "uuid": "9d7a0586-25c3-44f8-8cd9-0655633db684",
              "parentUUID": "121fd4bb-6a87-4c1b-8b90-1c3e3acf6e72",
              "isHook": false,
              "skipped": false
            }
          ],
          "suites": [],
          "passes": [
            "d3ae6ba3-0b12-4d9c-9f05-c0e880762f69",
            "925b6ef9-ba1a-4fe0-a2a4-c458c764348e",
            "2b1d6a9f-0653-4bbf-aa6a-6aee23bcdafe",
            "037e4b98-b7f9-4b69-9a7f-25acdd2c31e7",
            "5ee677a4-ab3a-481b-99da-135be482614d",
            "6d7edbe4-d40e-4f88-a0e3-bf95a1798873",
            "fc14d79d-7cd9-42d6-bbe4-63f9dfcef4bc",
            "9d7a0586-25c3-44f8-8cd9-0655633db684"
          ],
          "failures": [],
          "pending": [],
          "skipped": [],
          "duration": 7344,
          "root": false,
          "rootEmpty": false,
          "_timeout": 2000
        }
      ],
      "passes": [],
      "failures": [],
      "pending": [],
      "skipped": [],
      "duration": 0,
      "root": true,
      "rootEmpty": true,
      "_timeout": 2000
    },
    {
      "uuid": "408ea8e1-b8de-43ca-a6e8-e067accd87a2",
      "title": "",
      "fullFile": "cypress\\e2e\\demo\\sessions.cy.js",
      "file": "cypress\\e2e\\demo\\sessions.cy.js",
      "beforeHooks": [],
      "afterHooks": [],
      "tests": [],
      "suites": [
        {
          "uuid": "4e051be4-5ccb-4184-ac4b-49f8c7d7c33e",
          "title": "Handling sessions",
          "fullFile": "",
          "file": "",
          "beforeHooks": [],
          "afterHooks": [],
          "tests": [
            {
              "title": "Assert logged in session",
              "fullTitle": "Handling sessions Assert logged in session",
              "timedOut": null,
              "duration": 946,
              "state": "failed",
              "speed": null,
              "pass": false,
              "fail": true,
              "pending": false,
              "context": null,
              "code": "cy.visit('https://practicetestautomation.com/logged-in-successfully/');\ncy.contains('Logged In Successfully').should('be.visible');",
              "err": {
                "message": "TypeError: cy.LoginSession is not a function\n\nThis error occurred while creating the session. Because the session setup failed, we failed the test.\n\nBecause this error occurred during a `before each` hook we are skipping the remaining tests in the current suite: `Handling sessions`",
                "estack": "TypeError: cy.LoginSession is not a function\n\nThis error occurred while creating the session. Because the session setup failed, we failed the test.\n\nBecause this error occurred during a `before each` hook we are skipping the remaining tests in the current suite: `Handling sessions`\n    at Object.eval [as setup] (webpack:///./cypress/e2e/demo/sessions.cy.js:6:15)\n    at Context.<anonymous> (https://testautomationpractice.blogspot.com/__cypress/runner/cypress_runner.js:136942:38)\n    at getRet (https://testautomationpractice.blogspot.com/__cypress/runner/cypress_runner.js:123004:20)\n    at tryCatcher (https://testautomationpractice.blogspot.com/__cypress/runner/cypress_runner.js:1777:23)\n    at Promise.attempt.Promise.try (https://testautomationpractice.blogspot.com/__cypress/runner/cypress_runner.js:4285:29)\n    at Context.thenFn (https://testautomationpractice.blogspot.com/__cypress/runner/cypress_runner.js:123015:66)\n    at Context.then (https://testautomationpractice.blogspot.com/__cypress/runner/cypress_runner.js:123266:21)\n    at wrapped (https://testautomationpractice.blogspot.com/__cypress/runner/cypress_runner.js:146625:19)\n    at <unknown> (https://testautomationpractice.blogspot.com/__cypress/runner/cypress_runner.js:152656:15)",
                "diff": null
              },
              "uuid": "4a0bd1cd-d84d-46bd-95b9-358010d91842",
              "parentUUID": "4e051be4-5ccb-4184-ac4b-49f8c7d7c33e",
              "isHook": false,
              "skipped": false
            },
            {
              "title": "Assert logged in session",
              "fullTitle": "Handling sessions Assert logged in session",
              "timedOut": null,
              "duration": 0,
              "state": "skipped",
              "speed": null,
              "pass": false,
              "fail": false,
              "pending": false,
              "context": null,
              "code": "cy.visit('https://practicetestautomation.com/logged-in-successfully/');\ncy.contains('Logged In Successfully').should('be.visible');",
              "err": {},
              "uuid": "fccb7d15-ece3-48d3-9fff-825d2f9510c2",
              "parentUUID": "4e051be4-5ccb-4184-ac4b-49f8c7d7c33e",
              "isHook": false,
              "skipped": true
            },
            {
              "title": "Assert logged in session and logout",
              "fullTitle": "Handling sessions Assert logged in session and logout",
              "timedOut": null,
              "duration": 0,
              "state": "skipped",
              "speed": null,
              "pass": false,
              "fail": false,
              "pending": false,
              "context": null,
              "code": "cy.visit('https://practicetestautomation.com/logged-in-successfully/');\ncy.contains('Log out').click();",
              "err": {},
              "uuid": "4bbdefcc-329f-43e0-80da-bc0cd0df3482",
              "parentUUID": "4e051be4-5ccb-4184-ac4b-49f8c7d7c33e",
              "isHook": false,
              "skipped": true
            }
          ],
          "suites": [],
          "passes": [],
          "failures": [
            "4a0bd1cd-d84d-46bd-95b9-358010d91842"
          ],
          "pending": [],
          "skipped": [
            "fccb7d15-ece3-48d3-9fff-825d2f9510c2",
            "4bbdefcc-329f-43e0-80da-bc0cd0df3482"
          ],
          "duration": 946,
          "root": false,
          "rootEmpty": false,
          "_timeout": 2000
        }
      ],
      "passes": [],
      "failures": [],
      "pending": [],
      "skipped": [],
      "duration": 0,
      "root": true,
      "rootEmpty": true,
      "_timeout": 2000
    },
    {
      "uuid": "3128b3cc-0cd4-438f-9165-e5dd27ba7ed2",
      "title": "",
      "fullFile": "cypress\\e2e\\demo\\cookies.cy.js",
      "file": "cypress\\e2e\\demo\\cookies.cy.js",
      "beforeHooks": [],
      "afterHooks": [],
      "tests": [],
      "suites": [
        {
          "uuid": "a9407192-0f3a-4da4-9620-626d7d60687f",
          "title": "Cookies",
          "fullFile": "",
          "file": "",
          "beforeHooks": [],
          "afterHooks": [],
          "tests": [
            {
              "title": "set cookie",
              "fullTitle": "Cookies set cookie",
              "timedOut": null,
              "duration": 2194,
              "state": "passed",
              "speed": "fast",
              "pass": true,
              "fail": false,
              "pending": false,
              "context": null,
              "code": "cy.get('[id=\"getCookies\"] [class=\"set-a-cookie btn btn-success\"]').click();\ncy.getCookies().should('have.length', 1);\ncy.getCookies().then(cookie => {\n  expect(cookie[0]).to.have.property('name', 'token');\n  expect(cookie[0]).to.have.property('value', '123ABC');\n  // expect(cookie).to.have.property('name', 'token')\n});",
              "err": {},
              "uuid": "8af078c7-f1c4-4e42-b068-18d2dcabe0cd",
              "parentUUID": "a9407192-0f3a-4da4-9620-626d7d60687f",
              "isHook": false,
              "skipped": false
            }
          ],
          "suites": [],
          "passes": [
            "8af078c7-f1c4-4e42-b068-18d2dcabe0cd"
          ],
          "failures": [],
          "pending": [],
          "skipped": [],
          "duration": 2194,
          "root": false,
          "rootEmpty": false,
          "_timeout": 2000
        }
      ],
      "passes": [],
      "failures": [],
      "pending": [],
      "skipped": [],
      "duration": 0,
      "root": true,
      "rootEmpty": true,
      "_timeout": 2000
    }
  ],
  "meta": {
    "mocha": {
      "version": "7.2.0"
    },
    "mochawesome": {
      "options": {
        "quiet": false,
        "reportFilename": "mochawesome",
        "saveHtml": false,
        "saveJson": true,
        "consoleReporter": "spec",
        "useInlineDiffs": false,
        "code": true
      },
      "version": "8.0.1"
    },
    "marge": {
      "options": {
        "reportDir": "cypress/results",
        "overwrite": false,
        "html": false,
        "json": true
      },
      "version": "6.3.2"
    }
  }
}