{
  "stats": {
    "suites": 1,
    "tests": 1,
    "passes": 1,
    "pending": 0,
    "failures": 0,
    "start": "2026-08-29T04:31:37.501Z",
    "end": "2026-08-29T04:31:46.317Z",
    "duration": 8816,
    "testsRegistered": 1,
    "passPercent": 100,
    "pendingPercent": 0,
    "other": 0,
    "hasOther": false,
    "skipped": 0,
    "hasSkipped": false
  },
  "results": [
    {
      "uuid": "3128b3cc-0cd4-438f-9165-e5dd27ba7ed2",
      "title": "",
      "fullFile": "cypress\\e2e\\demo\\cookies.cy.js",
      "file": "cypress\\e2e\\demo\\cookies.cy.js",
      "beforeHooks": [],
      "afterHooks": [],
      "tests": [],
      "suites": [
        {
          "uuid": "a9407192-0f3a-4da4-9620-626d7d60687f",
          "title": "Cookies",
          "fullFile": "",
          "file": "",
          "beforeHooks": [],
          "afterHooks": [],
          "tests": [
            {
              "title": "set cookie",
              "fullTitle": "Cookies set cookie",
              "timedOut": null,
              "duration": 2194,
              "state": "passed",
              "speed": "fast",
              "pass": true,
              "fail": false,
              "pending": false,
              "context": null,
              "code": "cy.get('[id=\"getCookies\"] [class=\"set-a-cookie btn btn-success\"]').click();\ncy.getCookies().should('have.length', 1);\ncy.getCookies().then(cookie => {\n  expect(cookie[0]).to.have.property('name', 'token');\n  expect(cookie[0]).to.have.property('value', '123ABC');\n  // expect(cookie).to.have.property('name', 'token')\n});",
              "err": {},
              "uuid": "8af078c7-f1c4-4e42-b068-18d2dcabe0cd",
              "parentUUID": "a9407192-0f3a-4da4-9620-626d7d60687f",
              "isHook": false,
              "skipped": false
            }
          ],
          "suites": [],
          "passes": [
            "8af078c7-f1c4-4e42-b068-18d2dcabe0cd"
          ],
          "failures": [],
          "pending": [],
          "skipped": [],
          "duration": 2194,
          "root": false,
          "rootEmpty": false,
          "_timeout": 2000
        }
      ],
      "passes": [],
      "failures": [],
      "pending": [],
      "skipped": [],
      "duration": 0,
      "root": true,
      "rootEmpty": true,
      "_timeout": 2000
    }
  ],
  "meta": {
    "mocha": {
      "version": "7.2.0"
    },
    "mochawesome": {
      "options": {
        "quiet": false,
        "reportFilename": "mochawesome",
        "saveHtml": false,
        "saveJson": true,
        "consoleReporter": "spec",
        "useInlineDiffs": false,
        "code": true
      },
      "version": "8.0.1"
    },
    "marge": {
      "options": {
        "reportDir": "cypress/results",
        "overwrite": false,
        "html": false,
        "json": true
      },
      "version": "6.3.2"
    }
  }
}