{
  "stats": {
    "suites": 0,
    "tests": 1,
    "passes": 1,
    "pending": 0,
    "failures": 0,
    "start": "2026-08-29T04:34:47.405Z",
    "end": "2026-08-29T04:35:02.356Z",
    "duration": 14951,
    "testsRegistered": 1,
    "passPercent": 100,
    "pendingPercent": 0,
    "other": 0,
    "hasOther": false,
    "skipped": 0,
    "hasSkipped": false
  },
  "results": [
    {
      "uuid": "ea261e74-9a85-4af1-a1a9-6266dca6a8d5",
      "title": "",
      "fullFile": "cypress\\e2e\\demo\\pomReference.cy.js",
      "file": "cypress\\e2e\\demo\\pomReference.cy.js",
      "beforeHooks": [],
      "afterHooks": [],
      "tests": [
        {
          "title": "data entry form",
          "fullTitle": "data entry form",
          "timedOut": null,
          "duration": 14778,
          "state": "passed",
          "speed": "slow",
          "pass": true,
          "fail": false,
          "pending": false,
          "context": null,
          "code": "cy.visit('https://testautomationpractice.blogspot.com');\ncy.get('[class=\"titlewrapper\"]').should('have.text', '\\n\\nAutomation Testing Practice\\n\\n');\nlet dataEntryForm = new _dataentyrPage.DataEntryForm();\ndataEntryForm.fillForm(_dataEntryInputs.default);\ncy.get('[class=\"submit-btn\"]').click();\ncy.get('[id=\"result\"]').should('be.visible');",
          "err": {},
          "uuid": "694bdd77-71d8-42e8-ad90-17b4a5029e3d",
          "parentUUID": "ea261e74-9a85-4af1-a1a9-6266dca6a8d5",
          "isHook": false,
          "skipped": false
        }
      ],
      "suites": [],
      "passes": [
        "694bdd77-71d8-42e8-ad90-17b4a5029e3d"
      ],
      "failures": [],
      "pending": [],
      "skipped": [],
      "duration": 14778,
      "root": true,
      "rootEmpty": false,
      "_timeout": 2000
    }
  ],
  "meta": {
    "mocha": {
      "version": "7.2.0"
    },
    "mochawesome": {
      "options": {
        "quiet": false,
        "reportFilename": "mochawesome",
        "saveHtml": false,
        "saveJson": true,
        "consoleReporter": "spec",
        "useInlineDiffs": false,
        "code": true
      },
      "version": "8.0.1"
    },
    "marge": {
      "options": {
        "reportDir": "cypress/results",
        "overwrite": false,
        "html": false,
        "json": true
      },
      "version": "6.3.2"
    }
  }
}