{
  "stats": {
    "suites": 3,
    "tests": 14,
    "passes": 13,
    "pending": 2,
    "failures": -1,
    "start": "2026-08-29T04:35:17.333Z",
    "end": "2026-08-29T04:35:29.220Z",
    "duration": 11887,
    "testsRegistered": 15,
    "passPercent": 100,
    "pendingPercent": 13.333333333333334,
    "other": 1,
    "hasOther": true,
    "skipped": 0,
    "hasSkipped": false
  },
  "results": [
    {
      "uuid": "0b7cc609-cacf-4a1d-97ef-12ccf2b0cb55",
      "title": "",
      "fullFile": "cypress\\e2e\\demo\\restApi.cy.js",
      "file": "cypress\\e2e\\demo\\restApi.cy.js",
      "beforeHooks": [],
      "afterHooks": [],
      "tests": [],
      "suites": [
        {
          "uuid": "e13f7b49-fe2a-4497-9ad5-b2181c6db134",
          "title": "API VALIDATION",
          "fullFile": "",
          "file": "",
          "beforeHooks": [],
          "afterHooks": [],
          "tests": [
            {
              "title": "GET methods",
              "fullTitle": "API VALIDATION GET methods",
              "timedOut": null,
              "duration": 972,
              "state": "passed",
              "speed": "fast",
              "pass": true,
              "fail": false,
              "pending": false,
              "context": null,
              "code": "cy.request('GET', `${base_url}/posts/1`).then(response => {\n  expect(response.status).to.eq(200);\n  expect(response.body.title).to.include('sunt aut facere repellat provident occaecati excepturi optio reprehenderit');\n  expect(response.body.userId).to.eq(1);\n});",
              "err": {},
              "uuid": "57c85069-a4e8-4d7d-b259-e0192f0ed115",
              "parentUUID": "e13f7b49-fe2a-4497-9ad5-b2181c6db134",
              "isHook": false,
              "skipped": false
            },
            {
              "title": "POST method",
              "fullTitle": "API VALIDATION POST method",
              "timedOut": null,
              "duration": 769,
              "state": "passed",
              "speed": "fast",
              "pass": true,
              "fail": false,
              "pending": false,
              "context": null,
              "code": "cy.request('POST', `${base_url}/posts`, {\n  userId: 2,\n  id: 2,\n  title: 'Cypress',\n  body: 'practice api '\n}).then(response => {\n  expect(response.status).to.eq(201);\n  expect(response.body.userId).to.eq(2);\n  expect(response.body.title).to.include('Cypress');\n});",
              "err": {},
              "uuid": "c3609e59-076b-4958-be6d-bdd0bde0dd76",
              "parentUUID": "e13f7b49-fe2a-4497-9ad5-b2181c6db134",
              "isHook": false,
              "skipped": false
            },
            {
              "title": "PUT method",
              "fullTitle": "API VALIDATION PUT method",
              "timedOut": null,
              "duration": 794,
              "state": "passed",
              "speed": "fast",
              "pass": true,
              "fail": false,
              "pending": false,
              "context": null,
              "code": "cy.request('PUT', `${base_url}/posts/2`, {\n  userId: 3,\n  id: 4,\n  title: 'Cypress det',\n  body: 'practice api '\n}).then(response => {\n  expect(response.status).to.eq(200);\n  expect(response.body.title).to.contains('Cypress det');\n});",
              "err": {},
              "uuid": "619ca26e-0fd2-485a-9f95-6e4d2f3b00e8",
              "parentUUID": "e13f7b49-fe2a-4497-9ad5-b2181c6db134",
              "isHook": false,
              "skipped": false
            },
            {
              "title": "PATCH method",
              "fullTitle": "API VALIDATION PATCH method",
              "timedOut": null,
              "duration": 366,
              "state": "passed",
              "speed": "fast",
              "pass": true,
              "fail": false,
              "pending": false,
              "context": null,
              "code": "cy.request('PATCH', `${base_url}/posts/4`, {\n  title: 'Cypress det'\n}).then(response => {\n  expect(response.status).to.eq(200);\n  expect(response.body.title).to.contains('Cypress det');\n});",
              "err": {},
              "uuid": "8eeebfd5-8094-48c1-b6e2-ddf5d3c04cf5",
              "parentUUID": "e13f7b49-fe2a-4497-9ad5-b2181c6db134",
              "isHook": false,
              "skipped": false
            },
            {
              "title": "DELETE method",
              "fullTitle": "API VALIDATION DELETE method",
              "timedOut": null,
              "duration": 319,
              "state": "passed",
              "speed": "fast",
              "pass": true,
              "fail": false,
              "pending": false,
              "context": null,
              "code": "cy.request('DELETE', `${base_url}/posts/2`).then(myDeletedResponse => {\n  expect(myDeletedResponse.status).to.eq(200);\n});",
              "err": {},
              "uuid": "4f29da8b-5311-4a27-8672-df3ef4c74c2f",
              "parentUUID": "e13f7b49-fe2a-4497-9ad5-b2181c6db134",
              "isHook": false,
              "skipped": false
            }
          ],
          "suites": [],
          "passes": [
            "57c85069-a4e8-4d7d-b259-e0192f0ed115",
            "c3609e59-076b-4958-be6d-bdd0bde0dd76",
            "619ca26e-0fd2-485a-9f95-6e4d2f3b00e8",
            "8eeebfd5-8094-48c1-b6e2-ddf5d3c04cf5",
            "4f29da8b-5311-4a27-8672-df3ef4c74c2f"
          ],
          "failures": [],
          "pending": [],
          "skipped": [],
          "duration": 3220,
          "root": false,
          "rootEmpty": false,
          "_timeout": 2000
        },
        {
          "uuid": "710cca34-9048-45c4-b649-cb7ff0af1bed",
          "title": "header validation, authentication testing, token handling",
          "fullFile": "",
          "file": "",
          "beforeHooks": [],
          "afterHooks": [],
          "tests": [
            {
              "title": "get all the orders",
              "fullTitle": "header validation, authentication testing, token handling get all the orders",
              "timedOut": null,
              "duration": 0,
              "state": "pending",
              "speed": null,
              "pass": false,
              "fail": false,
              "pending": true,
              "context": null,
              "code": "cy.request({\n  method: 'GET',\n  url: `${base_url}/orders`,\n  headers: {\n    Authorization: `${myAccessToken}`\n  }\n}).then(myResponse => {\n  expect(myResponse.status).to.eq(200);\n});",
              "err": {},
              "uuid": "814f3f3d-dcc2-4e15-b67e-ee9d7cc86b7b",
              "parentUUID": "710cca34-9048-45c4-b649-cb7ff0af1bed",
              "isHook": false,
              "skipped": false
            },
            {
              "title": "get all the orders - missing header",
              "fullTitle": "header validation, authentication testing, token handling get all the orders - missing header",
              "timedOut": null,
              "duration": 0,
              "state": "pending",
              "speed": null,
              "pass": false,
              "fail": false,
              "pending": true,
              "context": null,
              "code": "cy.request({\n  method: 'GET',\n  url: `${base_url}/orders`,\n  failOnStatusCode: false\n}).then(myResponse => {\n  expect(myResponse.status).to.eq(401);\n});",
              "err": {},
              "uuid": "0404d23a-23a3-4a2b-bc3f-5eaa395bb591",
              "parentUUID": "710cca34-9048-45c4-b649-cb7ff0af1bed",
              "isHook": false,
              "skipped": false
            }
          ],
          "suites": [],
          "passes": [],
          "failures": [],
          "pending": [
            "814f3f3d-dcc2-4e15-b67e-ee9d7cc86b7b",
            "0404d23a-23a3-4a2b-bc3f-5eaa395bb591"
          ],
          "skipped": [],
          "duration": 0,
          "root": false,
          "rootEmpty": false,
          "_timeout": 2000
        },
        {
          "uuid": "121fd4bb-6a87-4c1b-8b90-1c3e3acf6e72",
          "title": "header validation, authentication testing, token handling",
          "fullFile": "",
          "file": "",
          "beforeHooks": [],
          "afterHooks": [],
          "tests": [
            {
              "title": "GET status endpoint",
              "fullTitle": "header validation, authentication testing, token handling GET status endpoint",
              "timedOut": null,
              "duration": 1583,
              "state": "passed",
              "speed": "fast",
              "pass": true,
              "fail": false,
              "pending": false,
              "context": null,
              "code": "cy.request({\n  method: 'GET',\n  url: `${baseUrl}/status`\n}).then(response => {\n  expect(response.status).to.eq(200);\n  expect(response.headers).to.have.property('content-type');\n  expect(response.body).to.have.property('status');\n});",
              "err": {},
              "uuid": "d3ae6ba3-0b12-4d9c-9f05-c0e880762f69",
              "parentUUID": "121fd4bb-6a87-4c1b-8b90-1c3e3acf6e72",
              "isHook": false,
              "skipped": false
            },
            {
              "title": "GET all products",
              "fullTitle": "header validation, authentication testing, token handling GET all products",
              "timedOut": null,
              "duration": 756,
              "state": "passed",
              "speed": "fast",
              "pass": true,
              "fail": false,
              "pending": false,
              "context": null,
              "code": "cy.request({\n  method: 'GET',\n  url: `${baseUrl}/products`\n}).then(response => {\n  expect(response.status).to.eq(200);\n  expect(response.body).to.be.an('array');\n  expect(response.body.length).to.be.greaterThan(0);\n  projectId = response.body[0].id;\n  cy.log(`product id : ${projectId}`);\n});",
              "err": {},
              "uuid": "925b6ef9-ba1a-4fe0-a2a4-c458c764348e",
              "parentUUID": "121fd4bb-6a87-4c1b-8b90-1c3e3acf6e72",
              "isHook": false,
              "skipped": false
            },
            {
              "title": "GET orders without auth should return 401",
              "fullTitle": "header validation, authentication testing, token handling GET orders without auth should return 401",
              "timedOut": null,
              "duration": 856,
              "state": "passed",
              "speed": "fast",
              "pass": true,
              "fail": false,
              "pending": false,
              "context": null,
              "code": "cy.request({\n  method: 'GET',\n  url: `${baseUrl}/orders`,\n  failOnStatusCode: false\n}).then(response => {\n  expect(response.status).to.eq(401);\n});",
              "err": {},
              "uuid": "2b1d6a9f-0653-4bbf-aa6a-6aee23bcdafe",
              "parentUUID": "121fd4bb-6a87-4c1b-8b90-1c3e3acf6e72",
              "isHook": false,
              "skipped": false
            },
            {
              "title": "Create a new cart - POST /carts",
              "fullTitle": "header validation, authentication testing, token handling Create a new cart - POST /carts",
              "timedOut": null,
              "duration": 857,
              "state": "passed",
              "speed": "fast",
              "pass": true,
              "fail": false,
              "pending": false,
              "context": null,
              "code": "cy.request({\n  method: 'POST',\n  url: `${baseUrl}/carts`\n}).then(response => {\n  expect(response.status).to.eq(201);\n  expect(response.body).to.have.property('created');\n  expect(response.body).to.have.property('cartId');\n  myCart = response.body.cartId;\n  cy.log(`my cart id : ${myCart}`);\n});",
              "err": {},
              "uuid": "037e4b98-b7f9-4b69-9a7f-25acdd2c31e7",
              "parentUUID": "121fd4bb-6a87-4c1b-8b90-1c3e3acf6e72",
              "isHook": false,
              "skipped": false
            },
            {
              "title": "Add item to cart - POST /carts/:cartId/items",
              "fullTitle": "header validation, authentication testing, token handling Add item to cart - POST /carts/:cartId/items",
              "timedOut": null,
              "duration": 781,
              "state": "passed",
              "speed": "fast",
              "pass": true,
              "fail": false,
              "pending": false,
              "context": null,
              "code": "cy.request({\n  method: 'POST',\n  url: `${baseUrl}/carts/${myCart}/items`,\n  body: {\n    productId: `${projectId}`\n  },\n  headers: {\n    Authorization: `Bearer ${myAccessToken}`\n  }\n}).then(response => {\n  expect(response.status).to.eq(201);\n  itemID = response.body.itemId;\n  cy.log(`item id : ${itemID}`);\n});",
              "err": {},
              "uuid": "5ee677a4-ab3a-481b-99da-135be482614d",
              "parentUUID": "121fd4bb-6a87-4c1b-8b90-1c3e3acf6e72",
              "isHook": false,
              "skipped": false
            },
            {
              "title": "Modify the cart item - PATCH /carts/:cartId/items/:itemId",
              "fullTitle": "header validation, authentication testing, token handling Modify the cart item - PATCH /carts/:cartId/items/:itemId",
              "timedOut": null,
              "duration": 817,
              "state": "passed",
              "speed": "fast",
              "pass": true,
              "fail": false,
              "pending": false,
              "context": null,
              "code": "cy.request({\n  method: 'PATCH',\n  url: `${baseUrl}/carts/${myCart}/items/${itemID}`,\n  body: {\n    quantity: 4\n  }\n}).then(response => {\n  expect(response.status).to.eq(204);\n});",
              "err": {},
              "uuid": "6d7edbe4-d40e-4f88-a0e3-bf95a1798873",
              "parentUUID": "121fd4bb-6a87-4c1b-8b90-1c3e3acf6e72",
              "isHook": false,
              "skipped": false
            },
            {
              "title": "Create order - POST /orders",
              "fullTitle": "header validation, authentication testing, token handling Create order - POST /orders",
              "timedOut": null,
              "duration": 885,
              "state": "passed",
              "speed": "fast",
              "pass": true,
              "fail": false,
              "pending": false,
              "context": null,
              "code": "cy.request({\n  method: 'POST',\n  url: `${baseUrl}/orders`,\n  body: {\n    cartId: `${myCart}`,\n    customerName: 'Ajay'\n  },\n  headers: {\n    Authorization: `Bearer ${myAccessToken}`\n  }\n}).then(response => {\n  expect(response.status).to.eq(201);\n  orderId = response.body.orderId;\n  cy.log(`order id: ${orderId}`);\n});",
              "err": {},
              "uuid": "fc14d79d-7cd9-42d6-bbe4-63f9dfcef4bc",
              "parentUUID": "121fd4bb-6a87-4c1b-8b90-1c3e3acf6e72",
              "isHook": false,
              "skipped": false
            },
            {
              "title": "Delete order - DELETE /orders/:orderId",
              "fullTitle": "header validation, authentication testing, token handling Delete order - DELETE /orders/:orderId",
              "timedOut": null,
              "duration": 809,
              "state": "passed",
              "speed": "fast",
              "pass": true,
              "fail": false,
              "pending": false,
              "context": null,
              "code": "cy.request({\n  method: 'DELETE',\n  url: `${baseUrl}/orders/${orderId}`,\n  headers: {\n    Authorization: `Bearer ${myAccessToken}`\n  }\n}).then(response => {\n  expect(response.status).to.eq(204);\n});",
              "err": {},
              "uuid": "9d7a0586-25c3-44f8-8cd9-0655633db684",
              "parentUUID": "121fd4bb-6a87-4c1b-8b90-1c3e3acf6e72",
              "isHook": false,
              "skipped": false
            }
          ],
          "suites": [],
          "passes": [
            "d3ae6ba3-0b12-4d9c-9f05-c0e880762f69",
            "925b6ef9-ba1a-4fe0-a2a4-c458c764348e",
            "2b1d6a9f-0653-4bbf-aa6a-6aee23bcdafe",
            "037e4b98-b7f9-4b69-9a7f-25acdd2c31e7",
            "5ee677a4-ab3a-481b-99da-135be482614d",
            "6d7edbe4-d40e-4f88-a0e3-bf95a1798873",
            "fc14d79d-7cd9-42d6-bbe4-63f9dfcef4bc",
            "9d7a0586-25c3-44f8-8cd9-0655633db684"
          ],
          "failures": [],
          "pending": [],
          "skipped": [],
          "duration": 7344,
          "root": false,
          "rootEmpty": false,
          "_timeout": 2000
        }
      ],
      "passes": [],
      "failures": [],
      "pending": [],
      "skipped": [],
      "duration": 0,
      "root": true,
      "rootEmpty": true,
      "_timeout": 2000
    }
  ],
  "meta": {
    "mocha": {
      "version": "7.2.0"
    },
    "mochawesome": {
      "options": {
        "quiet": false,
        "reportFilename": "mochawesome",
        "saveHtml": false,
        "saveJson": true,
        "consoleReporter": "spec",
        "useInlineDiffs": false,
        "code": true
      },
      "version": "8.0.1"
    },
    "marge": {
      "options": {
        "reportDir": "cypress/results",
        "overwrite": false,
        "html": false,
        "json": true
      },
      "version": "6.3.2"
    }
  }
}