{
  "stats": {
    "suites": 1,
    "tests": 4,
    "passes": 3,
    "pending": 0,
    "failures": 1,
    "start": "2026-08-29T04:32:28.166Z",
    "end": "2026-08-29T04:33:28.281Z",
    "duration": 60115,
    "testsRegistered": 4,
    "passPercent": 75,
    "pendingPercent": 0,
    "other": 0,
    "hasOther": false,
    "skipped": 0,
    "hasSkipped": false
  },
  "results": [
    {
      "uuid": "f887c114-1fdc-4e6c-b25b-2e74f249290c",
      "title": "",
      "fullFile": "cypress\\e2e\\demo\\customCommands.cy.js",
      "file": "cypress\\e2e\\demo\\customCommands.cy.js",
      "beforeHooks": [],
      "afterHooks": [],
      "tests": [
        {
          "title": "Creating custom commands",
          "fullTitle": "Creating custom commands",
          "timedOut": null,
          "duration": 15933,
          "state": "passed",
          "speed": "slow",
          "pass": true,
          "fail": false,
          "pending": false,
          "context": null,
          "code": "cy.visit('https://testautomationpractice.blogspot.com');\ncy.url().should('include', 'testautomationpractice');\ncy.get('[class=\"titlewrapper\"]').should('have.text', '\\n\\nAutomation Testing Practice\\n\\n');\ncy.fillDataEntryForm(_data.myData);",
          "err": {},
          "uuid": "8e3c1595-f248-4671-beae-0734f433e447",
          "parentUUID": "f887c114-1fdc-4e6c-b25b-2e74f249290c",
          "isHook": false,
          "skipped": false
        },
        {
          "title": "reusable function",
          "fullTitle": "reusable function",
          "timedOut": null,
          "duration": 6086,
          "state": "passed",
          "speed": "medium",
          "pass": true,
          "fail": false,
          "pending": false,
          "context": null,
          "code": "cy.visit('https://testautomationpractice.blogspot.com');\ncy.url().should('include', 'testautomationpractice');\n// fillForm(myData)\ncy.contains('Upload Files').scrollIntoView();\n(0, _helpers.fileUpload)('cypress/fixtures/Screenshot.png');",
          "err": {},
          "uuid": "f70ab8ec-a88e-4cbb-ad4c-5fb9ca7bf3d9",
          "parentUUID": "f887c114-1fdc-4e6c-b25b-2e74f249290c",
          "isHook": false,
          "skipped": false
        },
        {
          "title": "Login and Logout commads",
          "fullTitle": "Login and Logout commads",
          "timedOut": null,
          "duration": 7681,
          "state": "passed",
          "speed": "medium",
          "pass": true,
          "fail": false,
          "pending": false,
          "context": null,
          "code": "cy.visit('https://practicetestautomation.com/practice-test-login/');\ncy.Login('student', 'Password123');\n// verify the flow which we need here\ncy.Logout();",
          "err": {},
          "uuid": "93f9d6a6-4e2c-4969-9654-9320cc49d9c8",
          "parentUUID": "f887c114-1fdc-4e6c-b25b-2e74f249290c",
          "isHook": false,
          "skipped": false
        }
      ],
      "suites": [
        {
          "uuid": "0bd7dee0-6d3a-4058-b631-5f5699aafb6d",
          "title": "Data driven testcases",
          "fullFile": "",
          "file": "",
          "beforeHooks": [],
          "afterHooks": [],
          "tests": [
            {
              "title": "Fill form test",
              "fullTitle": "Data driven testcases Fill form test",
              "timedOut": null,
              "duration": 19728,
              "state": "failed",
              "speed": null,
              "pass": false,
              "fail": true,
              "pending": false,
              "context": null,
              "code": "cy.visit('https://testautomationpractice.blogspot.com/');\ntestData1.forEach(userData => {\n  cy.get('[id=\"name\"]').clear().type(userData.Name).should('have.value', userData.Name);\n  cy.get('[id=\"email\"]').clear().type(userData.Email).should('have.value', userData.Email);\n  cy.get('[id=\"phone\"]').clear().type(userData.Phone);\n  cy.get('[id=\"textarea\"]').clear().type(userData.Address).should('have.value', userData.Address);\n  cy.get(`#${userData.Gender}`).check();\n  cy.get(`#${userData.Day}`).check();\n  cy.get('#country').select(userData.Country);\n  cy.get('#colors').select(userData.Colors);\n  cy.get('[id=\"datepicker\"]').type(userData.date1, {\n    force: true\n  });\n  cy.get('[id=\"txtDate\"]').type(userData.startdate, {\n    force: true\n  });\n  cy.get('[id=\"start-date\"]').click();\n  cy.contains('button', 'Submit').scrollIntoView().should('be.visible').click();\n  cy.get('#result').should('be.visible');\n});",
              "err": {
                "message": "AssertionError: Timed out retrying after 6000ms: Expected to find element: `#Female`, but never found it.",
                "estack": "AssertionError: Timed out retrying after 6000ms: Expected to find element: `#Female`, but never found it.\n    at eval (webpack:///./cypress/e2e/demo/customCommands.cy.js:79:15)\nat Array.forEach (<anonymous>)\n    at Context.eval (webpack:///./cypress/e2e/demo/customCommands.cy.js:74:17)",
                "diff": null
              },
              "uuid": "7f7daec0-53f5-468a-9965-f404e91621c9",
              "parentUUID": "0bd7dee0-6d3a-4058-b631-5f5699aafb6d",
              "isHook": false,
              "skipped": false
            }
          ],
          "suites": [],
          "passes": [],
          "failures": [
            "7f7daec0-53f5-468a-9965-f404e91621c9"
          ],
          "pending": [],
          "skipped": [],
          "duration": 19728,
          "root": false,
          "rootEmpty": false,
          "_timeout": 2000
        }
      ],
      "passes": [
        "8e3c1595-f248-4671-beae-0734f433e447",
        "f70ab8ec-a88e-4cbb-ad4c-5fb9ca7bf3d9",
        "93f9d6a6-4e2c-4969-9654-9320cc49d9c8"
      ],
      "failures": [],
      "pending": [],
      "skipped": [],
      "duration": 29700,
      "root": true,
      "rootEmpty": false,
      "_timeout": 2000
    }
  ],
  "meta": {
    "mocha": {
      "version": "7.2.0"
    },
    "mochawesome": {
      "options": {
        "quiet": false,
        "reportFilename": "mochawesome",
        "saveHtml": false,
        "saveJson": true,
        "consoleReporter": "spec",
        "useInlineDiffs": false,
        "code": true
      },
      "version": "8.0.1"
    },
    "marge": {
      "options": {
        "reportDir": "cypress/results",
        "overwrite": false,
        "html": false,
        "json": true
      },
      "version": "6.3.2"
    }
  }
}