{
  "stats": {
    "suites": 0,
    "tests": 1,
    "passes": 0,
    "pending": 0,
    "failures": 1,
    "start": "2026-08-29T04:34:00.228Z",
    "end": "2026-08-29T04:34:00.843Z",
    "duration": 615,
    "testsRegistered": 1,
    "passPercent": 0,
    "pendingPercent": 0,
    "other": 0,
    "hasOther": false,
    "skipped": 0,
    "hasSkipped": false
  },
  "results": [
    {
      "uuid": "6a1f792f-983a-4743-9c32-981be7afd01a",
      "title": "",
      "fullFile": "cypress\\e2e\\demo\\fixturesConcept.cy.js",
      "file": "cypress\\e2e\\demo\\fixturesConcept.cy.js",
      "beforeHooks": [],
      "afterHooks": [],
      "tests": [
        {
          "title": "data driven testing",
          "fullTitle": "data driven testing",
          "timedOut": null,
          "duration": 381,
          "state": "failed",
          "speed": null,
          "pass": false,
          "fail": true,
          "pending": false,
          "context": null,
          "code": "cy.visit('https://testautomationpractice.blogspot.com');\ncy.url().should('include', 'testautomationpractice');\ncy.get('[id=\"name\"]').focus().clear().type('ahasy');\nconst mail = cy.generateRandomEmail();\ncy.get('[id=\"email\"]').focus().type(mail);",
          "err": {
            "message": "TypeError: cy.generateRandomEmail is not a function",
            "estack": "TypeError: cy.generateRandomEmail is not a function\n    at Context.eval (webpack:///./cypress/e2e/demo/fixturesConcept.cy.js:142:20)\n    at runnable.fn (https://testautomationpractice.blogspot.com/__cypress/runner/cypress_runner.js:146898:19)\n    at callFn (https://testautomationpractice.blogspot.com/__cypress/runner/cypress_runner.js:166181:21)\n    at Runnable.run (https://testautomationpractice.blogspot.com/__cypress/runner/cypress_runner.js:166168:7)\n    at <unknown> (https://testautomationpractice.blogspot.com/__cypress/runner/cypress_runner.js:172268:30)\n    at PassThroughHandlerContext.finallyHandler (https://testautomationpractice.blogspot.com/__cypress/runner/cypress_runner.js:4042:23)\n    at PassThroughHandlerContext.tryCatcher (https://testautomationpractice.blogspot.com/__cypress/runner/cypress_runner.js:1777:23)\n    at Promise._settlePromiseFromHandler (https://testautomationpractice.blogspot.com/__cypress/runner/cypress_runner.js:1489:31)\n    at Promise._settlePromise (https://testautomationpractice.blogspot.com/__cypress/runner/cypress_runner.js:1546:18)",
            "diff": null
          },
          "uuid": "851f86d5-aa73-456c-b061-3dae1e3e1aea",
          "parentUUID": "6a1f792f-983a-4743-9c32-981be7afd01a",
          "isHook": false,
          "skipped": false
        }
      ],
      "suites": [],
      "passes": [],
      "failures": [
        "851f86d5-aa73-456c-b061-3dae1e3e1aea"
      ],
      "pending": [],
      "skipped": [],
      "duration": 381,
      "root": true,
      "rootEmpty": false,
      "_timeout": 2000
    }
  ],
  "meta": {
    "mocha": {
      "version": "7.2.0"
    },
    "mochawesome": {
      "options": {
        "quiet": false,
        "reportFilename": "mochawesome",
        "saveHtml": false,
        "saveJson": true,
        "consoleReporter": "spec",
        "useInlineDiffs": false,
        "code": true
      },
      "version": "8.0.1"
    },
    "marge": {
      "options": {
        "reportDir": "cypress/results",
        "overwrite": false,
        "html": false,
        "json": true
      },
      "version": "6.3.2"
    }
  }
}